[debug] [2020-08-28T08:33:17.031Z] ----------------------------------------------------------------------
[debug] [2020-08-28T08:33:17.033Z] Command:       C:\Program Files\nodejs\node.exe C:\Users\lahoria\AppData\Roaming\npm\node_modules\firebase-tools\lib\bin\firebase.js deploy
[debug] [2020-08-28T08:33:17.033Z] CLI Version:   8.9.2
[debug] [2020-08-28T08:33:17.033Z] Platform:      win32
[debug] [2020-08-28T08:33:17.033Z] Node Version:  v14.3.0
[debug] [2020-08-28T08:33:17.034Z] Time:          Fri Aug 28 2020 14:03:17 GMT+0530 (India Standard Time)
[debug] [2020-08-28T08:33:17.035Z] ----------------------------------------------------------------------
[debug] [2020-08-28T08:33:17.035Z] 
[debug] [2020-08-28T08:33:17.042Z] > command requires scopes: ["email","openid","https://www.googleapis.com/auth/cloudplatformprojects.readonly","https://www.googleapis.com/auth/firebase","https://www.googleapis.com/auth/cloud-platform"]
[debug] [2020-08-28T08:33:17.043Z] > authorizing via signed-in user
[debug] [2020-08-28T08:33:17.043Z] [iam] checking project whatsapp-clone-e540f for permissions ["firebase.projects.get","firebasehosting.sites.update"]
[debug] [2020-08-28T08:33:17.046Z] >>> HTTP REQUEST POST https://cloudresourcemanager.googleapis.com/v1/projects/whatsapp-clone-e540f:testIamPermissions  
 {"permissions":["firebase.projects.get","firebasehosting.sites.update"]}
[debug] [2020-08-28T08:33:46.971Z] [iam] error while checking permissions, command may fail: FirebaseError: Server Error. connect ETIMEDOUT 216.58.199.138:443
[debug] [2020-08-28T08:33:46.972Z] >>> HTTP REQUEST GET https://firebase.googleapis.com/v1beta1/projects/whatsapp-clone-e540f  
 
[debug] [2020-08-28T08:33:58.294Z] Server Error. getaddrinfo ENOTFOUND firebase.googleapis.com
[debug] [2020-08-28T08:34:09.615Z] FirebaseError: Server Error. getaddrinfo ENOTFOUND firebase.googleapis.com
    at Request._callback (C:\Users\lahoria\AppData\Roaming\npm\node_modules\firebase-tools\lib\api.js:32:31)
    at self.callback (C:\Users\lahoria\AppData\Roaming\npm\node_modules\firebase-tools\node_modules\request\request.js:185:22)
    at Request.emit (events.js:315:20)
    at Request.EventEmitter.emit (domain.js:485:12)
    at Request.onRequestError (C:\Users\lahoria\AppData\Roaming\npm\node_modules\firebase-tools\node_modules\request\request.js:877:8)
    at ClientRequest.emit (events.js:327:22)
    at ClientRequest.EventEmitter.emit (domain.js:485:12)
    at TLSSocket.socketErrorListener (_http_client.js:467:9)
    at TLSSocket.emit (events.js:315:20)
    at TLSSocket.EventEmitter.emit (domain.js:485:12)
    at emitErrorNT (internal/streams/destroy.js:100:8)
    at emitErrorCloseNT (internal/streams/destroy.js:68:3)
    at processTicksAndRejections (internal/process/task_queues.js:84:21)
[error] 
[error] Error: Failed to get Firebase project whatsapp-clone-e540f. Please make sure the project exists and your account has permission to access it.
[debug] [2020-08-28T08:34:21.382Z] ----------------------------------------------------------------------
[debug] [2020-08-28T08:34:21.384Z] Command:       C:\Program Files\nodejs\node.exe C:\Users\lahoria\AppData\Roaming\npm\node_modules\firebase-tools\lib\bin\firebase.js deploy
[debug] [2020-08-28T08:34:21.385Z] CLI Version:   8.9.2
[debug] [2020-08-28T08:34:21.385Z] Platform:      win32
[debug] [2020-08-28T08:34:21.385Z] Node Version:  v14.3.0
[debug] [2020-08-28T08:34:21.386Z] Time:          Fri Aug 28 2020 14:04:21 GMT+0530 (India Standard Time)
[debug] [2020-08-28T08:34:21.386Z] ----------------------------------------------------------------------
[debug] [2020-08-28T08:34:21.386Z] 
[debug] [2020-08-28T08:34:21.394Z] > command requires scopes: ["email","openid","https://www.googleapis.com/auth/cloudplatformprojects.readonly","https://www.googleapis.com/auth/firebase","https://www.googleapis.com/auth/cloud-platform"]
[debug] [2020-08-28T08:34:21.394Z] > authorizing via signed-in user
[debug] [2020-08-28T08:34:21.394Z] [iam] checking project whatsapp-clone-e540f for permissions ["firebase.projects.get","firebasehosting.sites.update"]
[debug] [2020-08-28T08:34:21.397Z] >>> HTTP REQUEST POST https://cloudresourcemanager.googleapis.com/v1/projects/whatsapp-clone-e540f:testIamPermissions  
 {"permissions":["firebase.projects.get","firebasehosting.sites.update"]}
[debug] [2020-08-28T08:34:32.719Z] [iam] error while checking permissions, command may fail: FirebaseError: Server Error. getaddrinfo ENOTFOUND cloudresourcemanager.googleapis.com
[debug] [2020-08-28T08:34:32.720Z] >>> HTTP REQUEST GET https://firebase.googleapis.com/v1beta1/projects/whatsapp-clone-e540f  
 
[debug] [2020-08-28T08:34:53.782Z] Server Error. connect ETIMEDOUT 216.58.196.74:443
[debug] [2020-08-28T08:35:14.846Z] FirebaseError: Server Error. connect ETIMEDOUT 216.58.196.74:443
    at Request._callback (C:\Users\lahoria\AppData\Roaming\npm\node_modules\firebase-tools\lib\api.js:32:31)
    at self.callback (C:\Users\lahoria\AppData\Roaming\npm\node_modules\firebase-tools\node_modules\request\request.js:185:22)
    at Request.emit (events.js:315:20)
    at Request.EventEmitter.emit (domain.js:485:12)
    at Request.onRequestError (C:\Users\lahoria\AppData\Roaming\npm\node_modules\firebase-tools\node_modules\request\request.js:877:8)
    at ClientRequest.emit (events.js:327:22)
    at ClientRequest.EventEmitter.emit (domain.js:485:12)
    at TLSSocket.socketErrorListener (_http_client.js:467:9)
    at TLSSocket.emit (events.js:315:20)
    at TLSSocket.EventEmitter.emit (domain.js:485:12)
    at emitErrorNT (internal/streams/destroy.js:100:8)
    at emitErrorCloseNT (internal/streams/destroy.js:68:3)
    at processTicksAndRejections (internal/process/task_queues.js:84:21)
[error] 
[error] Error: Failed to get Firebase project whatsapp-clone-e540f. Please make sure the project exists and your account has permission to access it.
